app/build/intermediates/manifest_merge_blame_file/debug/manifest-merger-blame-debug-report.txt
1<?xml version="1.0" encoding="utf-8"?>
2<manifest xmlns:android="http://schemas.android.com/apk/res/android"
3    package="com.andriizykov.viewmodeltest"
4    android:versionCode="1"
5    android:versionName="1.0" >
6
7    <uses-sdk
8        android:minSdkVersion="21"
8-->src/main/AndroidManifest.xml
9        android:targetSdkVersion="29" />
9-->src/main/AndroidManifest.xml
10
11    <application
11-->src/main/AndroidManifest.xml:5:3-20:17
12        android:allowBackup="true"
12-->src/main/AndroidManifest.xml:6:7-33
13        android:appComponentFactory="androidx.core.app.CoreComponentFactory"
13-->[androidx.core:core:1.1.0] AndroidManifest.xml:24:18-86
14        android:debuggable="true"
15        android:icon="@mipmap/ic_launcher"
15-->src/main/AndroidManifest.xml:7:7-41
16        android:label="@string/app_name"
16-->src/main/AndroidManifest.xml:8:7-39
17        android:roundIcon="@mipmap/ic_launcher_round"
17-->src/main/AndroidManifest.xml:9:7-52
18        android:supportsRtl="true"
18-->src/main/AndroidManifest.xml:10:7-33
19        android:testOnly="true"
20        android:theme="@style/AppTheme" >
20-->src/main/AndroidManifest.xml:11:7-38
21        <activity
21-->src/main/AndroidManifest.xml:13:5-19:16
22            android:name="com.andriizykov.viewmodeltest.CounterActivity"
22-->src/main/AndroidManifest.xml:13:15-46
23            android:label="@string/app_name" >
23-->src/main/AndroidManifest.xml:14:9-41
24            <intent-filter>
24-->src/main/AndroidManifest.xml:15:7-18:23
25                <action android:name="android.intent.action.MAIN" />
25-->src/main/AndroidManifest.xml:16:9-61
25-->src/main/AndroidManifest.xml:16:17-58
26
27                <category android:name="android.intent.category.LAUNCHER" />
27-->src/main/AndroidManifest.xml:17:9-69
27-->src/main/AndroidManifest.xml:17:19-66
28            </intent-filter>
29        </activity>
30    </application>
31
32</manifest>